This file contains any messages produced by compilers while
running configure, to aid debugging if configure makes a mistake.

It was created by BoNeSi configure 0.3.1, which was
generated by GNU Autoconf 2.69.  Invocation command line was

  $ ./configure 

## --------- ##
## Platform. ##
## --------- ##

hostname = vs-GB-BRR5H-4500
uname -m = x86_64
uname -r = 5.15.0-117-generic
uname -s = Linux
uname -v = #127~20.04.1-Ubuntu SMP Thu Jul 11 15:36:12 UTC 2024

/usr/bin/uname -p = x86_64
/bin/uname -X     = unknown

/bin/arch              = x86_64
/usr/bin/arch -k       = unknown
/usr/convex/getsysinfo = unknown
/usr/bin/hostinfo      = unknown
/bin/machine           = unknown
/usr/bin/oslevel       = unknown
/bin/universe          = unknown

PATH: /home/vs/.nvm/versions/node/v20.10.0/bin
PATH: /usr/local/sbin
PATH: /usr/local/bin
PATH: /usr/sbin
PATH: /usr/bin
PATH: /sbin
PATH: /bin
PATH: /usr/games
PATH: /usr/local/games
PATH: /snap/bin


## ----------- ##
## Core tests. ##
## ----------- ##

configure:2304: checking for a BSD-compatible install
configure:2372: result: /usr/bin/install -c
configure:2383: checking whether build environment is sane
configure:2438: result: yes
configure:2474: WARNING: 'missing' script is too old or missing
configure:2587: checking for a thread-safe mkdir -p
configure:2626: result: /usr/bin/mkdir -p
configure:2633: checking for gawk
configure:2663: result: no
configure:2633: checking for mawk
configure:2649: found /usr/bin/mawk
configure:2660: result: mawk
configure:2671: checking whether make sets $(MAKE)
configure:2693: result: yes
configure:2722: checking whether make supports nested variables
configure:2739: result: yes
configure:3003: checking that generated files are newer than configure
configure:3009: result: done
configure:3017: creating ./config.status

## ---------------------- ##
## Running config.status. ##
## ---------------------- ##

This file was extended by BoNeSi config.status 0.3.1, which was
generated by GNU Autoconf 2.69.  Invocation command line was

  CONFIG_FILES    = 
  CONFIG_HEADERS  = 
  CONFIG_LINKS    = 
  CONFIG_COMMANDS = 
  $ ./config.status 

on vs-GB-BRR5H-4500

config.status:763: creating Makefile
config.status:763: creating src/Makefile
config.status:763: creating man/Makefile
configure:4092: checking for gcc
configure:4108: found /usr/bin/gcc
configure:4119: result: gcc
configure:4348: checking for C compiler version
configure:4357: gcc --version >&5
gcc (Ubuntu 9.4.0-1ubuntu1~20.04.2) 9.4.0
Copyright (C) 2019 Free Software Foundation, Inc.
This is free software; see the source for copying conditions.  There is NO
warranty; not even for MERCHANTABILITY or FITNESS FOR A PARTICULAR PURPOSE.

configure:4368: $? = 0
configure:4357: gcc -v >&5
Using built-in specs.
COLLECT_GCC=gcc
COLLECT_LTO_WRAPPER=/usr/lib/gcc/x86_64-linux-gnu/9/lto-wrapper
OFFLOAD_TARGET_NAMES=nvptx-none:hsa
OFFLOAD_TARGET_DEFAULT=1
Target: x86_64-linux-gnu
Configured with: ../src/configure -v --with-pkgversion='Ubuntu 9.4.0-1ubuntu1~20.04.2' --with-bugurl=file:///usr/share/doc/gcc-9/README.Bugs --enable-languages=c,ada,c++,go,brig,d,fortran,objc,obj-c++,gm2 --prefix=/usr --with-gcc-major-version-only --program-suffix=-9 --program-prefix=x86_64-linux-gnu- --enable-shared --enable-linker-build-id --libexecdir=/usr/lib --without-included-gettext --enable-threads=posix --libdir=/usr/lib --enable-nls --enable-clocale=gnu --enable-libstdcxx-debug --enable-libstdcxx-time=yes --with-default-libstdcxx-abi=new --enable-gnu-unique-object --disable-vtable-verify --enable-plugin --enable-default-pie --with-system-zlib --with-target-system-zlib=auto --enable-objc-gc=auto --enable-multiarch --disable-werror --with-arch-32=i686 --with-abi=m64 --with-multilib-list=m32,m64,mx32 --enable-multilib --with-tune=generic --enable-offload-targets=nvptx-none=/build/gcc-9-9QDOt0/gcc-9-9.4.0/debian/tmp-nvptx/usr,hsa --without-cuda-driver --enable-checking=release --build=x86_64-linux-gnu --host=x86_64-linux-gnu --target=x86_64-linux-gnu
Thread model: posix
gcc version 9.4.0 (Ubuntu 9.4.0-1ubuntu1~20.04.2) 
configure:4368: $? = 0
configure:4357: gcc -V >&5
gcc: error: unrecognized command line option '-V'
gcc: fatal error: no input files
compilation terminated.
configure:4368: $? = 1
configure:4357: gcc -qversion >&5
gcc: error: unrecognized command line option '-qversion'; did you mean '--version'?
gcc: fatal error: no input files
compilation terminated.
configure:4368: $? = 1
configure:4388: checking whether the C compiler works
configure:4410: gcc    conftest.c  >&5
configure:4414: $? = 0
configure:4462: result: yes
configure:4465: checking for C compiler default output file name
configure:4467: result: a.out
configure:4473: checking for suffix of executables
configure:4480: gcc -o conftest    conftest.c  >&5
configure:4484: $? = 0
configure:4506: result: 
configure:4528: checking whether we are cross compiling
configure:4536: gcc -o conftest    conftest.c  >&5
configure:4540: $? = 0
configure:4547: ./conftest
configure:4551: $? = 0
configure:4539: result: no
configure:4544: checking for suffix of object files
configure:4566: gcc -c   conftest.c >&5
configure:4570: $? = 0
configure:4591: result: o
configure:4595: checking whether we are using the GNU C compiler
configure:4614: gcc -c   conftest.c >&5
configure:4614: $? = 0
configure:4623: result: yes
configure:4632: checking whether gcc accepts -g
configure:4652: gcc -c -g  conftest.c >&5
configure:4652: $? = 0
configure:4693: result: yes
configure:4710: checking for gcc option to accept ISO C89
configure:4773: gcc  -c -g -O2  conftest.c >&5
configure:4773: $? = 0
configure:4786: result: none needed
configure:4811: checking whether gcc understands -c and -o together
configure:4833: gcc -c conftest.c -o conftest2.o
configure:4836: $? = 0
configure:4833: gcc -c conftest.c -o conftest2.o
configure:4836: $? = 0
configure:4848: result: yes
configure:4868: checking whether make supports the include directive
configure:4883: make -f confmf.GNU && cat confinc.out
this is the am__doit target
configure:4886: $? = 0
configure:4905: result: yes (GNU style)
configure:4930: checking dependency style of gcc
configure:5041: result: gcc3
configure:5059: checking for pcap_open_live in -lpcap
configure:5084: gcc -o conftest -g -O2   conftest.c -lpcap   >&5
configure:5084: $? = 0
configure:5093: result: yes
configure:5104: checking for pthread_create in -lpthread
configure:5129: gcc -o conftest -g -O2   conftest.c -lpthread  -lpcap  >&5
configure:5129: $? = 0
configure:5138: result: yes
configure:5149: checking for libnet_init in -lnet
configure:5174: gcc -o conftest -g -O2   conftest.c -lnet  -lpthread -lpcap  >&5
configure:5174: $? = 0
configure:5183: result: yes
configure:5201: checking how to run the C preprocessor
configure:5232: gcc -E  conftest.c
configure:5232: $? = 0
configure:5246: gcc -E  conftest.c
conftest.c:14:10: fatal error: ac_nonexistent.h: No such file or directory
   14 | #include <ac_nonexistent.h>
      |          ^~~~~~~~~~~~~~~~~~
compilation terminated.
configure:5246: $? = 1
configure: failed program was:
| /* confdefs.h */
| #define PACKAGE_NAME "BoNeSi"
| #define PACKAGE_TARNAME "bonesi"
| #define PACKAGE_VERSION "0.3.1"
| #define PACKAGE_STRING "BoNeSi 0.3.1"
| #define PACKAGE_BUGREPORT "Markus-Go@users.noreply.github.com"
| #define PACKAGE_URL ""
| #define PACKAGE "bonesi"
| #define VERSION "0.3.1"
| #define HAVE_LIBPCAP 1
| #define HAVE_LIBPTHREAD 1
| #define HAVE_LIBNET 1
| /* end confdefs.h.  */
| #include <ac_nonexistent.h>
configure:5271: result: gcc -E
configure:5291: gcc -E  conftest.c
configure:5291: $? = 0
configure:5305: gcc -E  conftest.c
conftest.c:14:10: fatal error: ac_nonexistent.h: No such file or directory
   14 | #include <ac_nonexistent.h>
      |          ^~~~~~~~~~~~~~~~~~
compilation terminated.
configure:5305: $? = 1
configure: failed program was:
| /* confdefs.h */
| #define PACKAGE_NAME "BoNeSi"
| #define PACKAGE_TARNAME "bonesi"
| #define PACKAGE_VERSION "0.3.1"
| #define PACKAGE_STRING "BoNeSi 0.3.1"
| #define PACKAGE_BUGREPORT "Markus-Go@users.noreply.github.com"
| #define PACKAGE_URL ""
| #define PACKAGE "bonesi"
| #define VERSION "0.3.1"
| #define HAVE_LIBPCAP 1
| #define HAVE_LIBPTHREAD 1
| #define HAVE_LIBNET 1
| /* end confdefs.h.  */
| #include <ac_nonexistent.h>
configure:5334: checking for grep that handles long lines and -e
configure:5392: result: /usr/bin/grep
configure:5397: checking for egrep
configure:5459: result: /usr/bin/grep -E
configure:5464: checking for ANSI C header files
configure:5484: gcc -c -g -O2  conftest.c >&5
configure:5484: $? = 0
configure:5557: gcc -o conftest -g -O2   conftest.c -lnet -lpthread -lpcap  >&5
configure:5557: $? = 0
configure:5557: ./conftest
configure:5557: $? = 0
configure:5568: result: yes
configure:5581: checking for sys/types.h
configure:5581: gcc -c -g -O2  conftest.c >&5
configure:5581: $? = 0
configure:5581: result: yes
configure:5581: checking for sys/stat.h
configure:5581: gcc -c -g -O2  conftest.c >&5
configure:5581: $? = 0
configure:5581: result: yes
configure:5581: checking for stdlib.h
configure:5581: gcc -c -g -O2  conftest.c >&5
configure:5581: $? = 0
configure:5581: result: yes
configure:5581: checking for string.h
configure:5581: gcc -c -g -O2  conftest.c >&5
configure:5581: $? = 0
configure:5581: result: yes
configure:5581: checking for memory.h
configure:5581: gcc -c -g -O2  conftest.c >&5
configure:5581: $? = 0
configure:5581: result: yes
configure:5581: checking for strings.h
configure:5581: gcc -c -g -O2  conftest.c >&5
configure:5581: $? = 0
configure:5581: result: yes
configure:5581: checking for inttypes.h
configure:5581: gcc -c -g -O2  conftest.c >&5
configure:5581: $? = 0
configure:5581: result: yes
configure:5581: checking for stdint.h
configure:5581: gcc -c -g -O2  conftest.c >&5
configure:5581: $? = 0
configure:5581: result: yes
configure:5581: checking for unistd.h
configure:5581: gcc -c -g -O2  conftest.c >&5
configure:5581: $? = 0
configure:5581: result: yes
configure:5596: checking for stdlib.h
configure:5596: result: yes
configure:5596: checking for string.h
configure:5596: result: yes
configure:5596: checking for unistd.h
configure:5596: result: yes
configure:5596: checking pthread.h usability
configure:5596: gcc -c -g -O2  conftest.c >&5
configure:5596: $? = 0
configure:5596: result: yes
configure:5596: checking pthread.h presence
configure:5596: gcc -E  conftest.c
configure:5596: $? = 0
configure:5596: result: yes
configure:5596: checking for pthread.h
configure:5596: result: yes
configure:5596: checking pcap.h usability
configure:5596: gcc -c -g -O2  conftest.c >&5
configure:5596: $? = 0
configure:5596: result: yes
configure:5596: checking pcap.h presence
configure:5596: gcc -E  conftest.c
configure:5596: $? = 0
configure:5596: result: yes
configure:5596: checking for pcap.h
configure:5596: result: yes
configure:5596: checking libnet.h usability
configure:5596: gcc -c -g -O2  conftest.c >&5
configure:5596: $? = 0
configure:5596: result: yes
configure:5596: checking libnet.h presence
configure:5596: gcc -E  conftest.c
configure:5596: $? = 0
configure:5596: result: yes
configure:5596: checking for libnet.h
configure:5596: result: yes
configure:5610: checking for an ANSI C-conforming const
configure:5676: gcc -c -g -O2  conftest.c >&5
configure:5676: $? = 0
configure:5683: result: yes
configure:5691: checking for inline
configure:5707: gcc -c -g -O2  conftest.c >&5
configure:5707: $? = 0
configure:5715: result: inline
configure:5733: checking for size_t
configure:5733: gcc -c -g -O2  conftest.c >&5
configure:5733: $? = 0
configure:5733: gcc -c -g -O2  conftest.c >&5
conftest.c: In function 'main':
conftest.c:66:21: error: expected expression before ')' token
   66 | if (sizeof ((size_t)))
      |                     ^
configure:5733: $? = 1
configure: failed program was:
| /* confdefs.h */
| #define PACKAGE_NAME "BoNeSi"
| #define PACKAGE_TARNAME "bonesi"
| #define PACKAGE_VERSION "0.3.1"
| #define PACKAGE_STRING "BoNeSi 0.3.1"
| #define PACKAGE_BUGREPORT "Markus-Go@users.noreply.github.com"
| #define PACKAGE_URL ""
| #define PACKAGE "bonesi"
| #define VERSION "0.3.1"
| #define HAVE_LIBPCAP 1
| #define HAVE_LIBPTHREAD 1
| #define HAVE_LIBNET 1
| #define STDC_HEADERS 1
| #define HAVE_SYS_TYPES_H 1
| #define HAVE_SYS_STAT_H 1
| #define HAVE_STDLIB_H 1
| #define HAVE_STRING_H 1
| #define HAVE_MEMORY_H 1
| #define HAVE_STRINGS_H 1
| #define HAVE_INTTYPES_H 1
| #define HAVE_STDINT_H 1
| #define HAVE_UNISTD_H 1
| #define HAVE_STDLIB_H 1
| #define HAVE_STRING_H 1
| #define HAVE_UNISTD_H 1
| #define HAVE_PTHREAD_H 1
| #define HAVE_PCAP_H 1
| #define HAVE_LIBNET_H 1
| /* end confdefs.h.  */
| #include <stdio.h>
| #ifdef HAVE_SYS_TYPES_H
| # include <sys/types.h>
| #endif
| #ifdef HAVE_SYS_STAT_H
| # include <sys/stat.h>
| #endif
| #ifdef STDC_HEADERS
| # include <stdlib.h>
| # include <stddef.h>
| #else
| # ifdef HAVE_STDLIB_H
| #  include <stdlib.h>
| # endif
| #endif
| #ifdef HAVE_STRING_H
| # if !defined STDC_HEADERS && defined HAVE_MEMORY_H
| #  include <memory.h>
| # endif
| # include <string.h>
| #endif
| #ifdef HAVE_STRINGS_H
| # include <strings.h>
| #endif
| #ifdef HAVE_INTTYPES_H
| # include <inttypes.h>
| #endif
| #ifdef HAVE_STDINT_H
| # include <stdint.h>
| #endif
| #ifdef HAVE_UNISTD_H
| # include <unistd.h>
| #endif
| int
| main ()
| {
| if (sizeof ((size_t)))
| 	    return 0;
|   ;
|   return 0;
| }
configure:5733: result: yes
configure:5744: checking for ssize_t
configure:5744: gcc -c -g -O2  conftest.c >&5
configure:5744: $? = 0
configure:5744: gcc -c -g -O2  conftest.c >&5
conftest.c: In function 'main':
conftest.c:66:22: error: expected expression before ')' token
   66 | if (sizeof ((ssize_t)))
      |                      ^
configure:5744: $? = 1
configure: failed program was:
| /* confdefs.h */
| #define PACKAGE_NAME "BoNeSi"
| #define PACKAGE_TARNAME "bonesi"
| #define PACKAGE_VERSION "0.3.1"
| #define PACKAGE_STRING "BoNeSi 0.3.1"
| #define PACKAGE_BUGREPORT "Markus-Go@users.noreply.github.com"
| #define PACKAGE_URL ""
| #define PACKAGE "bonesi"
| #define VERSION "0.3.1"
| #define HAVE_LIBPCAP 1
| #define HAVE_LIBPTHREAD 1
| #define HAVE_LIBNET 1
| #define STDC_HEADERS 1
| #define HAVE_SYS_TYPES_H 1
| #define HAVE_SYS_STAT_H 1
| #define HAVE_STDLIB_H 1
| #define HAVE_STRING_H 1
| #define HAVE_MEMORY_H 1
| #define HAVE_STRINGS_H 1
| #define HAVE_INTTYPES_H 1
| #define HAVE_STDINT_H 1
| #define HAVE_UNISTD_H 1
| #define HAVE_STDLIB_H 1
| #define HAVE_STRING_H 1
| #define HAVE_UNISTD_H 1
| #define HAVE_PTHREAD_H 1
| #define HAVE_PCAP_H 1
| #define HAVE_LIBNET_H 1
| /* end confdefs.h.  */
| #include <stdio.h>
| #ifdef HAVE_SYS_TYPES_H
| # include <sys/types.h>
| #endif
| #ifdef HAVE_SYS_STAT_H
| # include <sys/stat.h>
| #endif
| #ifdef STDC_HEADERS
| # include <stdlib.h>
| # include <stddef.h>
| #else
| # ifdef HAVE_STDLIB_H
| #  include <stdlib.h>
| # endif
| #endif
| #ifdef HAVE_STRING_H
| # if !defined STDC_HEADERS && defined HAVE_MEMORY_H
| #  include <memory.h>
| # endif
| # include <string.h>
| #endif
| #ifdef HAVE_STRINGS_H
| # include <strings.h>
| #endif
| #ifdef HAVE_INTTYPES_H
| # include <inttypes.h>
| #endif
| #ifdef HAVE_STDINT_H
| # include <stdint.h>
| #endif
| #ifdef HAVE_UNISTD_H
| # include <unistd.h>
| #endif
| int
| main ()
| {
| if (sizeof ((ssize_t)))
| 	    return 0;
|   ;
|   return 0;
| }
configure:5744: result: yes
configure:5755: checking whether time.h and sys/time.h may both be included
configure:5775: gcc -c -g -O2  conftest.c >&5
configure:5775: $? = 0
configure:5782: result: yes
configure:5790: checking for uint32_t
configure:5790: gcc -c -g -O2  conftest.c >&5
configure:5790: $? = 0
configure:5790: result: yes
configure:5808: checking for stdlib.h
configure:5808: result: yes
configure:5818: checking for GNU libc compatible malloc
configure:5842: gcc -o conftest -g -O2   conftest.c -lnet -lpthread -lpcap  >&5
configure:5842: $? = 0
configure:5842: ./conftest
configure:5842: $? = 0
configure:5852: result: yes
configure:5876: checking for bzero
configure:5876: gcc -o conftest -g -O2   conftest.c -lnet -lpthread -lpcap  >&5
conftest.c:56:6: warning: conflicting types for built-in function 'bzero'; expected 'void(void *, long unsigned int)' [-Wbuiltin-declaration-mismatch]
   56 | char bzero ();
      |      ^~~~~
configure:5876: $? = 0
configure:5876: result: yes
configure:5876: checking for gettimeofday
configure:5876: gcc -o conftest -g -O2   conftest.c -lnet -lpthread -lpcap  >&5
configure:5876: $? = 0
configure:5876: result: yes
configure:5876: checking for strncasecmp
configure:5876: gcc -o conftest -g -O2   conftest.c -lnet -lpthread -lpcap  >&5
conftest.c:58:6: warning: conflicting types for built-in function 'strncasecmp'; expected 'int(const char *, const char *, long unsigned int)' [-Wbuiltin-declaration-mismatch]
   58 | char strncasecmp ();
      |      ^~~~~~~~~~~
configure:5876: $? = 0
configure:5876: result: yes
configure:5876: checking for strrchr
configure:5876: gcc -o conftest -g -O2   conftest.c -lnet -lpthread -lpcap  >&5
conftest.c:59:6: warning: conflicting types for built-in function 'strrchr'; expected 'char *(const char *, int)' [-Wbuiltin-declaration-mismatch]
   59 | char strrchr ();
      |      ^~~~~~~
conftest.c:47:1: note: 'strrchr' is declared in header '<string.h>'
   46 | # include <limits.h>
   47 | #else
configure:5876: $? = 0
configure:5876: result: yes
configure:5986: checking that generated files are newer than configure
configure:5992: result: done
configure:6015: creating ./config.status

## ---------------------- ##
## Running config.status. ##
## ---------------------- ##

This file was extended by BoNeSi config.status 0.3.1, which was
generated by GNU Autoconf 2.69.  Invocation command line was

  CONFIG_FILES    = 
  CONFIG_HEADERS  = 
  CONFIG_LINKS    = 
  CONFIG_COMMANDS = 
  $ ./config.status 

on vs-GB-BRR5H-4500

config.status:867: creating Makefile
config.status:867: creating src/Makefile
config.status:867: creating man/Makefile
config.status:867: creating config.h
config.status:1048: config.h is unchanged
config.status:1096: executing depfiles commands
config.status:1173: cd src       && sed -e '/# am--include-marker/d' Makefile         | make -f - am--depfiles
make: Nothing to be done for 'am--depfiles'.
config.status:1178: $? = 0

## ---------------- ##
## Cache variables. ##
## ---------------- ##

ac_cv_c_compiler_gnu=yes
ac_cv_c_const=yes
ac_cv_c_inline=inline
ac_cv_c_uint32_t=yes
ac_cv_env_CC_set=
ac_cv_env_CC_value=
ac_cv_env_CFLAGS_set=
ac_cv_env_CFLAGS_value=
ac_cv_env_CPPFLAGS_set=
ac_cv_env_CPPFLAGS_value=
ac_cv_env_CPP_set=
ac_cv_env_CPP_value=
ac_cv_env_LDFLAGS_set=
ac_cv_env_LDFLAGS_value=
ac_cv_env_LIBS_set=
ac_cv_env_LIBS_value=
ac_cv_env_build_alias_set=
ac_cv_env_build_alias_value=
ac_cv_env_host_alias_set=
ac_cv_env_host_alias_value=
ac_cv_env_target_alias_set=
ac_cv_env_target_alias_value=
ac_cv_func_bzero=yes
ac_cv_func_gettimeofday=yes
ac_cv_func_malloc_0_nonnull=yes
ac_cv_func_strncasecmp=yes
ac_cv_func_strrchr=yes
ac_cv_header_inttypes_h=yes
ac_cv_header_libnet_h=yes
ac_cv_header_memory_h=yes
ac_cv_header_pcap_h=yes
ac_cv_header_pthread_h=yes
ac_cv_header_stdc=yes
ac_cv_header_stdint_h=yes
ac_cv_header_stdlib_h=yes
ac_cv_header_string_h=yes
ac_cv_header_strings_h=yes
ac_cv_header_sys_stat_h=yes
ac_cv_header_sys_types_h=yes
ac_cv_header_time=yes
ac_cv_header_unistd_h=yes
ac_cv_lib_net_libnet_init=yes
ac_cv_lib_pcap_pcap_open_live=yes
ac_cv_lib_pthread_pthread_create=yes
ac_cv_objext=o
ac_cv_path_EGREP='/usr/bin/grep -E'
ac_cv_path_GREP=/usr/bin/grep
ac_cv_path_install='/usr/bin/install -c'
ac_cv_path_mkdir=/usr/bin/mkdir
ac_cv_prog_AWK=mawk
ac_cv_prog_CPP='gcc -E'
ac_cv_prog_ac_ct_CC=gcc
ac_cv_prog_cc_c89=
ac_cv_prog_cc_g=yes
ac_cv_prog_make_make_set=yes
ac_cv_type_size_t=yes
ac_cv_type_ssize_t=yes
am_cv_CC_dependencies_compiler_type=gcc3
am_cv_make_support_nested_variables=yes
am_cv_prog_cc_c_o=yes

## ----------------- ##
## Output variables. ##
## ----------------- ##

ACLOCAL='aclocal-1.16'
AMDEPBACKSLASH='\'
AMDEP_FALSE='#'
AMDEP_TRUE=''
AMTAR='$${TAR-tar}'
AM_BACKSLASH='\'
AM_DEFAULT_V='$(AM_DEFAULT_VERBOSITY)'
AM_DEFAULT_VERBOSITY='1'
AM_V='$(V)'
AUTOCONF='autoconf'
AUTOHEADER='autoheader'
AUTOMAKE='automake-1.16'
AWK='mawk'
CC='gcc'
CCDEPMODE='depmode=gcc3'
CFLAGS='-g -O2'
CPP='gcc -E'
CPPFLAGS=''
CYGPATH_W='echo'
DEFS='-DHAVE_CONFIG_H'
DEPDIR='.deps'
ECHO_C=''
ECHO_N='-n'
ECHO_T=''
EGREP='/usr/bin/grep -E'
EXEEXT=''
GREP='/usr/bin/grep'
INSTALL_DATA='${INSTALL} -m 644'
INSTALL_PROGRAM='${INSTALL}'
INSTALL_SCRIPT='${INSTALL}'
INSTALL_STRIP_PROGRAM='$(install_sh) -c -s'
LDFLAGS=''
LIBOBJS=''
LIBS='-lnet -lpthread -lpcap '
LTLIBOBJS=''
MAKEINFO='makeinfo'
MKDIR_P='/usr/bin/mkdir -p'
OBJEXT='o'
PACKAGE='bonesi'
PACKAGE_BUGREPORT='Markus-Go@users.noreply.github.com'
PACKAGE_NAME='BoNeSi'
PACKAGE_STRING='BoNeSi 0.3.1'
PACKAGE_TARNAME='bonesi'
PACKAGE_URL=''
PACKAGE_VERSION='0.3.1'
PATH_SEPARATOR=':'
SET_MAKE=''
SHELL='/bin/bash'
STRIP=''
VERSION='0.3.1'
ac_ct_CC='gcc'
am__EXEEXT_FALSE=''
am__EXEEXT_TRUE='#'
am__fastdepCC_FALSE='#'
am__fastdepCC_TRUE=''
am__include='include'
am__isrc=''
am__leading_dot='.'
am__nodep='_no'
am__quote=''
am__tar='$${TAR-tar} chof - "$$tardir"'
am__untar='$${TAR-tar} xf -'
bindir='${exec_prefix}/bin'
build_alias=''
datadir='${datarootdir}'
datarootdir='${prefix}/share'
docdir='${datarootdir}/doc/${PACKAGE_TARNAME}'
dvidir='${docdir}'
exec_prefix='${prefix}'
host_alias=''
htmldir='${docdir}'
includedir='${prefix}/include'
infodir='${datarootdir}/info'
install_sh='${SHELL} /home/vs/Desktop/git_edge_apps/edge_apps/attack_emulator/bonesi/install-sh'
libdir='${exec_prefix}/lib'
libexecdir='${exec_prefix}/libexec'
localedir='${datarootdir}/locale'
localstatedir='${prefix}/var'
mandir='${datarootdir}/man'
mkdir_p='$(MKDIR_P)'
oldincludedir='/usr/include'
pdfdir='${docdir}'
prefix='/usr/local'
program_transform_name='s,x,x,'
psdir='${docdir}'
runstatedir='${localstatedir}/run'
sbindir='${exec_prefix}/sbin'
sharedstatedir='${prefix}/com'
sysconfdir='${prefix}/etc'
target_alias=''

## ----------- ##
## confdefs.h. ##
## ----------- ##

/* confdefs.h */
#define PACKAGE_NAME "BoNeSi"
#define PACKAGE_TARNAME "bonesi"
#define PACKAGE_VERSION "0.3.1"
#define PACKAGE_STRING "BoNeSi 0.3.1"
#define PACKAGE_BUGREPORT "Markus-Go@users.noreply.github.com"
#define PACKAGE_URL ""
#define PACKAGE "bonesi"
#define VERSION "0.3.1"
#define HAVE_LIBPCAP 1
#define HAVE_LIBPTHREAD 1
#define HAVE_LIBNET 1
#define STDC_HEADERS 1
#define HAVE_SYS_TYPES_H 1
#define HAVE_SYS_STAT_H 1
#define HAVE_STDLIB_H 1
#define HAVE_STRING_H 1
#define HAVE_MEMORY_H 1
#define HAVE_STRINGS_H 1
#define HAVE_INTTYPES_H 1
#define HAVE_STDINT_H 1
#define HAVE_UNISTD_H 1
#define HAVE_STDLIB_H 1
#define HAVE_STRING_H 1
#define HAVE_UNISTD_H 1
#define HAVE_PTHREAD_H 1
#define HAVE_PCAP_H 1
#define HAVE_LIBNET_H 1
#define TIME_WITH_SYS_TIME 1
#define HAVE_STDLIB_H 1
#define HAVE_MALLOC 1
#define HAVE_BZERO 1
#define HAVE_GETTIMEOFDAY 1
#define HAVE_STRNCASECMP 1
#define HAVE_STRRCHR 1

configure: exit 0

## ---------------------- ##
## Running config.status. ##
## ---------------------- ##

This file was extended by BoNeSi config.status 0.3.1, which was
generated by GNU Autoconf 2.69.  Invocation command line was

  CONFIG_FILES    = 
  CONFIG_HEADERS  = 
  CONFIG_LINKS    = 
  CONFIG_COMMANDS = 
  $ ./config.status config.h

on vs-GB-BRR5H-4500

config.status:867: creating config.h
config.status:1048: config.h is unchanged
